# npm audit report

ejs  <3.1.7
Severity: critical
ejs template injection vulnerability - https://github.com/advisories/GHSA-phwq-j96m-2c2q
fix available via `npm audit fix --force`
Will install electron-builder@23.4.0, which is a breaking change
node_modules/ejs
  app-builder-lib  <=22.1.0 || 22.10.4 - 24.0.0-alpha.13
  Depends on vulnerable versions of @electron/universal
  Depends on vulnerable versions of ejs
  node_modules/app-builder-lib
  node_modules/electron-builder/node_modules/app-builder-lib
    dmg-builder  5.0.0 - 21.2.0 || 22.10.4 - 24.0.0-alpha.13
    Depends on vulnerable versions of app-builder-lib
    Depends on vulnerable versions of app-builder-lib
    node_modules/dmg-builder
    node_modules/electron-builder/node_modules/dmg-builder
      electron-builder  >=5.6.1
      Depends on vulnerable versions of app-builder-lib
      Depends on vulnerable versions of app-builder-lib
      Depends on vulnerable versions of dmg-builder
      Depends on vulnerable versions of dmg-builder
      Depends on vulnerable versions of simple-update-notifier
      Depends on vulnerable versions of update-notifier
      node_modules/electron-builder
      node_modules/electron-scripts/node_modules/electron-builder

electron  <=18.3.6
Severity: high
Context isolation bypass via leaked cross-context objects in Electron - https://github.com/advisories/GHSA-m93v-9qjc-3g79
Context isolation bypass via contextBridge in Electron - https://github.com/advisories/GHSA-h9jc-284h-533g
Arbitrary file read via window-open IPC in Electron - https://github.com/advisories/GHSA-f9mq-jph6-9mhm
Context isolation bypass via Promise in Electron - https://github.com/advisories/GHSA-6vrv-94jv-crrg
Renderers can obtain access to random bluetooth device without permission in Electron - https://github.com/advisories/GHSA-3p22-ghq8-v749
AutoUpdater module fails to validate certain nested components of the bundle - https://github.com/advisories/GHSA-77xc-hjv8-ww97
Compromised child renderer processes could obtain IPC access without nodeIntegrationInSubFrames being enabled - https://github.com/advisories/GHSA-mq8j-3h7h-p8g7
Exfiltration of hashed SMB credentials on Windows via file:// redirect - https://github.com/advisories/GHSA-p2jh-44qj-pf2v
Electron's sandboxed renderers can obtain thumbnails of arbitrary files through the nativeImage API - https://github.com/advisories/GHSA-mpjm-v997-c4h4
IPC messages delivered to the wrong frame in Electron - https://github.com/advisories/GHSA-hvf8-h2qh-37m9
Depends on vulnerable versions of electron-download
fix available via `npm audit fix`
node_modules/electron-scripts/node_modules/electron
  electron-scripts  >=1.1.1
  Depends on vulnerable versions of @svgr/webpack
  Depends on vulnerable versions of electron
  Depends on vulnerable versions of electron-builder
  Depends on vulnerable versions of electron-rebuild
  Depends on vulnerable versions of html-webpack-plugin
  Depends on vulnerable versions of multispinner
  Depends on vulnerable versions of webpack-dev-server
  node_modules/electron-scripts

glob-parent  <5.1.2
Severity: high
glob-parent before 5.1.2 vulnerable to Regular Expression Denial of Service in enclosure regex - https://github.com/advisories/GHSA-ww39-953v-wcq6
fix available via `npm audit fix`
node_modules/watchpack-chokidar2/node_modules/glob-parent
node_modules/webpack-dev-server/node_modules/glob-parent
  chokidar  1.0.0-rc1 - 2.1.8
  Depends on vulnerable versions of glob-parent
  node_modules/watchpack-chokidar2/node_modules/chokidar
  node_modules/webpack-dev-server/node_modules/chokidar
    watchpack-chokidar2  *
    Depends on vulnerable versions of chokidar
    node_modules/watchpack-chokidar2
      watchpack  1.7.2 - 1.7.5
      Depends on vulnerable versions of watchpack-chokidar2
      node_modules/watchpack
        webpack  4.44.0 - 4.46.0
        Depends on vulnerable versions of watchpack
        node_modules/webpack
    webpack-dev-server  2.0.0-beta - 4.7.2
    Depends on vulnerable versions of chokidar
    Depends on vulnerable versions of selfsigned
    node_modules/webpack-dev-server

got  <11.8.5
Severity: moderate
Got allows a redirect to a UNIX socket - https://github.com/advisories/GHSA-pfrx-2q88-qq97
fix available via `npm audit fix --force`
Will install electron-builder@23.4.0, which is a breaking change
node_modules/got
  package-json  <=6.5.0
  Depends on vulnerable versions of got
  node_modules/package-json
    latest-version  0.2.0 - 5.1.0
    Depends on vulnerable versions of package-json
    node_modules/latest-version
      update-notifier  0.2.0 - 5.1.0
      Depends on vulnerable versions of latest-version
      node_modules/update-notifier

json5  <1.0.2
Severity: high
Prototype Pollution in JSON5 via Parse Method - https://github.com/advisories/GHSA-9c47-m6qq-7p4h
fix available via `npm audit fix`
node_modules/html-webpack-plugin/node_modules/json5
  loader-utils  <=1.4.0
  Depends on vulnerable versions of json5
  node_modules/html-webpack-plugin/node_modules/loader-utils
    html-webpack-plugin  2.0.2 - 3.2.0
    Depends on vulnerable versions of loader-utils
    node_modules/html-webpack-plugin


lodash.merge  <=4.6.1
Severity: critical
Prototype Pollution in lodash.merge - https://github.com/advisories/GHSA-2m96-9w4j-wgv7
Prototype Pollution in lodash.merge - https://github.com/advisories/GHSA-h726-x36v-rx45
Prototype Pollution in lodash - https://github.com/advisories/GHSA-jf85-cpcp-j695
fix available via `npm audit fix`
node_modules/lodash.merge
  multispinner  *
  Depends on vulnerable versions of lodash.merge
  node_modules/multispinner

minimatch  <3.0.5
Severity: high
minimatch ReDoS vulnerability - https://github.com/advisories/GHSA-f8q6-p94x-37v3
fix available via `npm audit fix --force`
Will install electron-builder@23.4.0, which is a breaking change
node_modules/dir-compare/node_modules/minimatch
  dir-compare  <=2.4.0
  Depends on vulnerable versions of minimatch
  node_modules/dir-compare
    @electron/universal  1.0.1 - 1.3.3
    Depends on vulnerable versions of dir-compare
    node_modules/@electron/universal

node-forge  <=1.2.1
Severity: high
Prototype Pollution in node-forge debug API. - https://github.com/advisories/GHSA-5rrq-pxf6-6jx5
URL parsing in node-forge could lead to undesired behavior. - https://github.com/advisories/GHSA-gf8q-jrpm-jvxq
Improper Verification of Cryptographic Signature in `node-forge` - https://github.com/advisories/GHSA-2r2c-g63r-vccr
Open Redirect in node-forge - https://github.com/advisories/GHSA-8fr3-hfg3-gpgp
Improper Verification of Cryptographic Signature in node-forge - https://github.com/advisories/GHSA-cfm4-qjh2-4765
Improper Verification of Cryptographic Signature in node-forge - https://github.com/advisories/GHSA-x4jg-mjrx-434g
fix available via `npm audit fix`
node_modules/node-forge
  selfsigned  1.1.1 - 1.10.14
  Depends on vulnerable versions of node-forge
  node_modules/selfsigned

nth-check  <2.0.1
Severity: high
Inefficient Regular Expression Complexity in nth-check - https://github.com/advisories/GHSA-rp65-9cf3-cjxr
fix available via `npm audit fix --force`
Will install react-scripts@2.1.3, which is a breaking change
node_modules/nth-check
  css-select  <=3.1.0
  Depends on vulnerable versions of nth-check
  node_modules/css-select
    svgo  1.0.0 - 1.3.2
    Depends on vulnerable versions of css-select
    node_modules/svgo
      @svgr/plugin-svgo  <=5.5.0
      Depends on vulnerable versions of svgo
      node_modules/@svgr/plugin-svgo
      node_modules/react-scripts/node_modules/@svgr/plugin-svgo
        @svgr/webpack  4.0.0 - 5.5.0
        Depends on vulnerable versions of @svgr/plugin-svgo
        node_modules/@svgr/webpack
        node_modules/react-scripts/node_modules/@svgr/webpack
          react-scripts  >=2.1.4
          Depends on vulnerable versions of @svgr/webpack
          node_modules/react-scripts

request  *
Severity: moderate
Server-Side Request Forgery in Request - https://github.com/advisories/GHSA-p8p7-x288-28g6
Depends on vulnerable versions of tough-cookie
fix available via `npm audit fix`
node_modules/request
  node-gyp  <=7.1.2
  Depends on vulnerable versions of request
  node_modules/node-gyp
    electron-rebuild  1.5.0 - 2.3.5
    Depends on vulnerable versions of node-gyp
    node_modules/electron-rebuild
  nugget  *
  Depends on vulnerable versions of request
  node_modules/nugget
    electron-download  *
    Depends on vulnerable versions of nugget
    node_modules/electron-download

semver  <=5.7.1 || 6.0.0 - 6.3.0 || 7.0.0 - 7.5.1
Severity: moderate
semver vulnerable to Regular Expression Denial of Service - https://github.com/advisories/GHSA-c2qf-rxjj-qqgw
semver vulnerable to Regular Expression Denial of Service - https://github.com/advisories/GHSA-c2qf-rxjj-qqgw
semver vulnerable to Regular Expression Denial of Service - https://github.com/advisories/GHSA-c2qf-rxjj-qqgw
fix available via `npm audit fix --force`
Will install electron-builder@23.4.0, which is a breaking change
node_modules/default-gateway/node_modules/semver
node_modules/electron-download/node_modules/semver
node_modules/node-abi/node_modules/semver
node_modules/node-gyp/node_modules/semver
node_modules/normalize-package-data/node_modules/semver
node_modules/patch-package/node_modules/semver
node_modules/react-scripts/node_modules/make-dir/node_modules/semver
node_modules/semver
node_modules/semver-diff/node_modules/semver
node_modules/simple-update-notifier/node_modules/semver
node_modules/terser-webpack-plugin/node_modules/semver
node_modules/ts-loader/node_modules/semver
node_modules/webpack-cli/node_modules/semver
  simple-update-notifier  1.0.7 - 1.1.0
  Depends on vulnerable versions of semver
  node_modules/simple-update-notifier

tough-cookie  <4.1.3
Severity: moderate
tough-cookie Prototype Pollution vulnerability - https://github.com/advisories/GHSA-72xf-g2v4-qvf3
fix available via `npm audit fix`
node_modules/tough-cookie

word-wrap  *
Severity: moderate
word-wrap vulnerable to Regular Expression Denial of Service - https://github.com/advisories/GHSA-j8xg-fqg3-53r7
fix available via `npm audit fix`
node_modules/word-wrap
  optionator  0.8.3 - 0.9.1
  Depends on vulnerable versions of word-wrap
  node_modules/escodegen/node_modules/optionator
  node_modules/optionator

42 vulnerabilities (1 low, 14 moderate, 19 high, 8 critical)

To address issues that do not require attention, run:
  npm audit fix

To address all issues (including breaking changes), run:
  npm audit fix --force
